#
# There is insufficient memory for the Java Runtime Environment to continue.
# Native memory allocation (malloc) failed to allocate 1006896 bytes for Chunk::new
# Possible reasons:
#   The system is out of physical RAM or swap space
#   In 32 bit mode, the process size limit was hit
# Possible solutions:
#   Reduce memory load on the system
#   Increase physical memory or swap space
#   Check if swap backing store is full
#   Use 64 bit Java on a 64 bit OS
#   Decrease Java heap size (-Xmx/-Xms)
#   Decrease number of Java threads
#   Decrease Java thread stack sizes (-Xss)
#   Set larger code cache with -XX:ReservedCodeCacheSize=
# This output file may be truncated or incomplete.
#
#  Out of Memory Error (allocation.cpp:390), pid=11112, tid=0x000000000000236c
#
# JRE version: Java(TM) SE Runtime Environment (8.0_144-b01) (build 1.8.0_144-b01)
# Java VM: Java HotSpot(TM) 64-Bit Server VM (25.144-b01 mixed mode windows-amd64 compressed oops)
# Failed to write core dump. Minidumps are not enabled by default on client versions of Windows
#

---------------  T H R E A D  ---------------

Current thread (0x0000000017893800):  JavaThread "C2 CompilerThread0" daemon [_thread_in_native, id=9068, stack(0x0000000018f00000,0x0000000019000000)]

Stack: [0x0000000018f00000,0x0000000019000000]
[error occurred during error reporting (printing stack bounds), id 0xc0000005]

Native frames: (J=compiled Java code, j=interpreted, Vv=VM code, C=native code)


Current CompileTask:
C2:   7082 2292       4       javafx.scene.CssStyleHelper::resolveLookups (521 bytes)


---------------  P R O C E S S  ---------------

Java Threads: ( => current thread )
  0x0000000019ad4800 JavaThread "Thread-5" [_thread_blocked, id=19604, stack(0x00000000213d0000,0x00000000214d0000)]
  0x00000000199f3800 JavaThread "Prism Font Disposer" daemon [_thread_blocked, id=840, stack(0x00000000206f0000,0x00000000207f0000)]
  0x0000000019911000 JavaThread "JavaFX-Launcher" [_thread_blocked, id=4280, stack(0x000000001eef0000,0x000000001eff0000)]
  0x00000000198fe800 JavaThread "Thread-2" daemon [_thread_in_native, id=10924, stack(0x000000001edf0000,0x000000001eef0000)]
  0x0000000019841800 JavaThread "JavaFX Application Thread" [_thread_in_native, id=20336, stack(0x000000001a420000,0x000000001a520000)]
  0x0000000019827000 JavaThread "Thread-1" daemon [_thread_blocked, id=20180, stack(0x000000001a320000,0x000000001a420000)]
  0x0000000019813000 JavaThread "QuantumRenderer-0" daemon [_thread_blocked, id=18968, stack(0x000000001a000000,0x000000001a100000)]
  0x0000000019182800 JavaThread "Service Thread" daemon [_thread_blocked, id=16076, stack(0x0000000019600000,0x0000000019700000)]
  0x00000000178ee000 JavaThread "C1 CompilerThread2" daemon [_thread_blocked, id=18500, stack(0x0000000019500000,0x0000000019600000)]
  0x0000000017897800 JavaThread "C2 CompilerThread1" daemon [_thread_blocked, id=8388, stack(0x0000000019000000,0x0000000019100000)]
=>0x0000000017893800 JavaThread "C2 CompilerThread0" daemon [_thread_in_native, id=9068, stack(0x0000000018f00000,0x0000000019000000)]
  0x00000000178e4800 JavaThread "Attach Listener" daemon [_thread_blocked, id=17276, stack(0x0000000018e00000,0x0000000018f00000)]
  0x00000000178e3800 JavaThread "Signal Dispatcher" daemon [_thread_blocked, id=18264, stack(0x0000000018d00000,0x0000000018e00000)]
  0x0000000017879000 JavaThread "Finalizer" daemon [_thread_blocked, id=14880, stack(0x0000000018b00000,0x0000000018c00000)]
  0x0000000002cb1000 JavaThread "Reference Handler" daemon [_thread_blocked, id=12724, stack(0x0000000018a00000,0x0000000018b00000)]
  0x0000000002d3d800 JavaThread "main" [_thread_blocked, id=12772, stack(0x00000000012b0000,0x00000000013b0000)]

Other Threads:
  0x0000000017857000 VMThread [stack: 0x0000000018900000,0x0000000018a00000] [id=13236]
  0x00000000191de800 WatcherThread [stack: 0x0000000019700000,0x0000000019800000] [id=11992]

VM state:not at safepoint (normal execution)

VM Mutex/Monitor currently owned by a thread: None

Heap:
 PSYoungGen      total 38400K, used 18103K [0x00000000d5d80000, 0x00000000d8800000, 0x0000000100000000)
  eden space 33280K, 39% used [0x00000000d5d80000,0x00000000d6a30d50,0x00000000d7e00000)
  from space 5120K, 99% used [0x00000000d7e00000,0x00000000d82fcf08,0x00000000d8300000)
  to   space 5120K, 0% used [0x00000000d8300000,0x00000000d8300000,0x00000000d8800000)
 ParOldGen       total 87552K, used 608K [0x0000000081800000, 0x0000000086d80000, 0x00000000d5d80000)
  object space 87552K, 0% used [0x0000000081800000,0x00000000818980c0,0x0000000086d80000)
 Metaspace       used 17476K, capacity 18232K, committed 18432K, reserved 1064960K
  class space    used 2538K, capacity 2721K, committed 2816K, reserved 1048576K

Card table byte_map: [0x0000000012100000,0x0000000012500000] byte_map_base: 0x0000000011cf4000

Marking Bits: (ParMarkBitMap*) 0x000000005c43d850
 Begin Bits: [0x0000000012bb0000, 0x0000000014b50000)
 End Bits:   [0x0000000014b50000, 0x0000000016af0000)

Polling page: 0x0000000000e90000

CodeCache: size=245760Kb used=7109Kb max_used=7120Kb free=238650Kb
 bounds [0x0000000002d40000, 0x0000000003440000, 0x0000000011d40000]
 total_blobs=3050 nmethods=2369 adapters=592
 compilation: enabled

Compilation events (10 events):
Event: 6.561 Thread 0x00000000178ee000 2310       3       com.sun.glass.ui.Window::getPlatformScale (5 bytes)
Event: 6.562 Thread 0x00000000178ee000 nmethod 2310 0x0000000003412510 code [0x0000000003412660, 0x00000000034127b0]
Event: 6.562 Thread 0x00000000178ee000 2311       3       com.sun.javafx.geom.transform.Affine3D::reset3Delements (31 bytes)
Event: 6.562 Thread 0x00000000178ee000 nmethod 2311 0x0000000003412850 code [0x00000000034129a0, 0x0000000003412b50]
Event: 6.563 Thread 0x00000000178ee000 2312       3       com.sun.javafx.geom.Rectangle::setBounds (67 bytes)
Event: 6.563 Thread 0x00000000178ee000 nmethod 2312 0x0000000003412bd0 code [0x0000000003412ea0, 0x00000000034137d8]
Event: 6.623 Thread 0x00000000178ee000 2313       1       javafx.scene.input.MouseEvent::getSceneX (5 bytes)
Event: 6.623 Thread 0x00000000178ee000 nmethod 2313 0x0000000003413bd0 code [0x0000000003413d20, 0x0000000003413e30]
Event: 6.623 Thread 0x00000000178ee000 2314       1       javafx.scene.input.MouseEvent::getSceneY (5 bytes)
Event: 6.623 Thread 0x00000000178ee000 nmethod 2314 0x0000000003413e90 code [0x0000000003413fe0, 0x00000000034140f0]

GC Heap History (2 events):
Event: 2.002 GC heap before
{Heap before GC invocations=1 (full 0):
 PSYoungGen      total 38400K, used 33280K [0x00000000d5d80000, 0x00000000d8800000, 0x0000000100000000)
  eden space 33280K, 100% used [0x00000000d5d80000,0x00000000d7e00000,0x00000000d7e00000)
  from space 5120K, 0% used [0x00000000d8300000,0x00000000d8300000,0x00000000d8800000)
  to   space 5120K, 0% used [0x00000000d7e00000,0x00000000d7e00000,0x00000000d8300000)
 ParOldGen       total 87552K, used 0K [0x0000000081800000, 0x0000000086d80000, 0x00000000d5d80000)
  object space 87552K, 0% used [0x0000000081800000,0x0000000081800000,0x0000000086d80000)
 Metaspace       used 14976K, capacity 15596K, committed 15744K, reserved 1062912K
  class space    used 2263K, capacity 2419K, committed 2432K, reserved 1048576K
Event: 2.012 GC heap after
Heap after GC invocations=1 (full 0):
 PSYoungGen      total 38400K, used 5107K [0x00000000d5d80000, 0x00000000d8800000, 0x0000000100000000)
  eden space 33280K, 0% used [0x00000000d5d80000,0x00000000d5d80000,0x00000000d7e00000)
  from space 5120K, 99% used [0x00000000d7e00000,0x00000000d82fcf08,0x00000000d8300000)
  to   space 5120K, 0% used [0x00000000d8300000,0x00000000d8300000,0x00000000d8800000)
 ParOldGen       total 87552K, used 608K [0x0000000081800000, 0x0000000086d80000, 0x00000000d5d80000)
  object space 87552K, 0% used [0x0000000081800000,0x00000000818980c0,0x0000000086d80000)
 Metaspace       used 14976K, capacity 15596K, committed 15744K, reserved 1062912K
  class space    used 2263K, capacity 2419K, committed 2432K, reserved 1048576K
}

Deoptimization events (10 events):
Event: 1.900 Thread 0x0000000019841800 Uncommon trap: reason=class_check action=maybe_recompile pc=0x0000000002fab720 method=java.io.DataInputStream.readShort()S @ 4
Event: 1.900 Thread 0x0000000019841800 Uncommon trap: reason=class_check action=maybe_recompile pc=0x0000000002fab720 method=java.io.DataInputStream.readShort()S @ 4
Event: 1.900 Thread 0x0000000019841800 Uncommon trap: reason=class_check action=maybe_recompile pc=0x0000000002fab720 method=java.io.DataInputStream.readShort()S @ 4
Event: 1.906 Thread 0x0000000019841800 Uncommon trap: reason=class_check action=maybe_recompile pc=0x0000000002e60130 method=java.lang.String.equals(Ljava/lang/Object;)Z @ 8
Event: 1.906 Thread 0x0000000019841800 Uncommon trap: reason=class_check action=maybe_recompile pc=0x0000000002e60130 method=java.lang.String.equals(Ljava/lang/Object;)Z @ 8
Event: 1.906 Thread 0x0000000019841800 Uncommon trap: reason=class_check action=maybe_recompile pc=0x0000000002e60130 method=java.lang.String.equals(Ljava/lang/Object;)Z @ 8
Event: 1.909 Thread 0x0000000019841800 Uncommon trap: reason=class_check action=maybe_recompile pc=0x0000000002e60130 method=java.lang.String.equals(Ljava/lang/Object;)Z @ 8
Event: 3.395 Thread 0x0000000019841800 Uncommon trap: reason=unstable_if action=reinterpret pc=0x00000000030760e8 method=jdk.internal.org.objectweb.asm.Type.getArgumentsAndReturnSizes(Ljava/lang/String;)I @ 47
Event: 4.527 Thread 0x0000000019841800 Uncommon trap: reason=unstable_if action=reinterpret pc=0x000000000322e9b0 method=javafx.scene.CssStyleHelper.getStyle(Ljavafx/css/Styleable;Ljava/lang/String;Lcom/sun/javafx/css/StyleMap;Ljava/util/Set;)Lcom/sun/javafx/css/CascadingStyle; @ 8
Event: 5.628 Thread 0x0000000019813000 Uncommon trap: reason=unstable_if action=reinterpret pc=0x00000000032eea04 method=com.sun.javafx.geom.RectBounds.isEmpty()Z @ 21

Internal exceptions (10 events):
Event: 0.206 Thread 0x0000000002d3d800 Exception <a 'java/security/PrivilegedActionException'> (0x00000000d60521c8) thrown at [C:\re\workspace\8-2-build-windows-amd64-cygwin\jdk8u144\9417\hotspot\src\share\vm\prims\jvm.cpp, line 1390]
Event: 0.206 Thread 0x0000000002d3d800 Exception <a 'java/security/PrivilegedActionException'> (0x00000000d60523d8) thrown at [C:\re\workspace\8-2-build-windows-amd64-cygwin\jdk8u144\9417\hotspot\src\share\vm\prims\jvm.cpp, line 1390]
Event: 0.207 Thread 0x0000000002d3d800 Exception <a 'java/security/PrivilegedActionException'> (0x00000000d60562e8) thrown at [C:\re\workspace\8-2-build-windows-amd64-cygwin\jdk8u144\9417\hotspot\src\share\vm\prims\jvm.cpp, line 1390]
Event: 0.207 Thread 0x0000000002d3d800 Exception <a 'java/security/PrivilegedActionException'> (0x00000000d60564f8) thrown at [C:\re\workspace\8-2-build-windows-amd64-cygwin\jdk8u144\9417\hotspot\src\share\vm\prims\jvm.cpp, line 1390]
Event: 0.208 Thread 0x0000000002d3d800 Exception <a 'java/lang/NullPointerException'> (0x00000000d6056ad0) thrown at [C:\re\workspace\8-2-build-windows-amd64-cygwin\jdk8u144\9417\hotspot\src\share\vm\interpreter\linkResolver.cpp, line 1197]
Event: 0.562 Thread 0x0000000019841800 Exception <a 'java/lang/NullPointerException'> (0x00000000d6b8d9f0) thrown at [C:\re\workspace\8-2-build-windows-amd64-cygwin\jdk8u144\9417\hotspot\src\share\vm\interpreter\linkResolver.cpp, line 1197]
Event: 0.562 Thread 0x0000000019841800 Exception <a 'java/lang/NullPointerException'> (0x00000000d6b8d9f0) thrown at [C:\re\workspace\8-2-build-windows-amd64-cygwin\jdk8u144\9417\hotspot\src\share\vm\prims\jvm.cpp, line 1394]
Event: 1.739 Thread 0x0000000019841800 Implicit null exception at 0x0000000002fc34f5 to 0x0000000002fc36cd
Event: 1.893 Thread 0x0000000019841800 Exception <a 'java/io/FileNotFoundException'> (0x00000000d7b777d8) thrown at [C:\re\workspace\8-2-build-windows-amd64-cygwin\jdk8u144\9417\hotspot\src\share\vm\prims\jni.cpp, line 709]
Event: 4.419 Thread 0x0000000019841800 Exception <a 'java/io/FileNotFoundException'> (0x00000000d63378c8) thrown at [C:\re\workspace\8-2-build-windows-amd64-cygwin\jdk8u144\9417\hotspot\src\share\vm\prims\jni.cpp, line 709]

Events (10 events):
Event: 4.660 Executing VM operation: RevokeBias done
Event: 4.777 Thread 0x0000000019813000 DEOPT PACKING pc=0x0000000003283b42 sp=0x000000001a0fc820
Event: 4.777 Thread 0x0000000019813000 DEOPT UNPACKING pc=0x0000000002d8787f sp=0x000000001a0fc5b8 mode 0
Event: 5.193 Executing VM operation: ForceSafepoint
Event: 5.193 Executing VM operation: ForceSafepoint done
Event: 5.628 Thread 0x0000000019813000 Uncommon trap: trap_request=0xffffff65 fr.pc=0x00000000032eea04
Event: 5.628 Thread 0x0000000019813000 DEOPT PACKING pc=0x00000000032eea04 sp=0x000000001a0fc600
Event: 5.628 Thread 0x0000000019813000 DEOPT UNPACKING pc=0x0000000002d8582a sp=0x000000001a0fc598 mode 2
Event: 6.297 loading class com/sun/prism/shape/ShapeRep$InvalidationType
Event: 6.297 loading class com/sun/prism/shape/ShapeRep$InvalidationType done


Dynamic libraries:
0x00007ff78b7c0000 - 0x00007ff78b7f7000 	C:\Program Files\Java\jdk1.8.0_144\bin\java.exe
0x00007ff96d3a0000 - 0x00007ff96d590000 	C:\WINDOWS\SYSTEM32\ntdll.dll
0x00007ff96b740000 - 0x00007ff96b7f2000 	C:\WINDOWS\System32\KERNEL32.DLL
0x00007ff96add0000 - 0x00007ff96b073000 	C:\WINDOWS\System32\KERNELBASE.dll
0x00007ff96c100000 - 0x00007ff96c1a3000 	C:\WINDOWS\System32\ADVAPI32.dll
0x00007ff96b940000 - 0x00007ff96b9de000 	C:\WINDOWS\System32\msvcrt.dll
0x00007ff96d2c0000 - 0x00007ff96d357000 	C:\WINDOWS\System32\sechost.dll
0x00007ff96b450000 - 0x00007ff96b570000 	C:\WINDOWS\System32\RPCRT4.dll
0x00007ff96c6e0000 - 0x00007ff96c874000 	C:\WINDOWS\System32\USER32.dll
0x00007ff96b350000 - 0x00007ff96b371000 	C:\WINDOWS\System32\win32u.dll
0x00007ff96c0d0000 - 0x00007ff96c0f6000 	C:\WINDOWS\System32\GDI32.dll
0x00007ff96a330000 - 0x00007ff96a4c4000 	C:\WINDOWS\System32\gdi32full.dll
0x00007ff96b1d0000 - 0x00007ff96b26e000 	C:\WINDOWS\System32\msvcp_win.dll
0x00007ff96acd0000 - 0x00007ff96adca000 	C:\WINDOWS\System32\ucrtbase.dll
0x00007ff954940000 - 0x00007ff954bc5000 	C:\WINDOWS\WinSxS\amd64_microsoft.windows.common-controls_6595b64144ccf1df_6.0.18362.476_none_e6c4b11b130f2595\COMCTL32.dll
0x00007ff96cd20000 - 0x00007ff96d056000 	C:\WINDOWS\System32\combase.dll
0x00007ff96b380000 - 0x00007ff96b400000 	C:\WINDOWS\System32\bcryptPrimitives.dll
0x00007ff96c880000 - 0x00007ff96c8ae000 	C:\WINDOWS\System32\IMM32.DLL
0x000000005db40000 - 0x000000005dc12000 	C:\Program Files\Java\jdk1.8.0_144\jre\bin\msvcr100.dll
0x000000005bc20000 - 0x000000005c4bd000 	C:\Program Files\Java\jdk1.8.0_144\jre\bin\server\jvm.dll
0x00007ff96c3a0000 - 0x00007ff96c3a8000 	C:\WINDOWS\System32\PSAPI.DLL
0x00007ff95f250000 - 0x00007ff95f25a000 	C:\WINDOWS\SYSTEM32\VERSION.dll
0x00007ff966f30000 - 0x00007ff966f54000 	C:\WINDOWS\SYSTEM32\WINMM.dll
0x00007ff93cbf0000 - 0x00007ff93cbf9000 	C:\WINDOWS\SYSTEM32\WSOCK32.dll
0x00007ff96c1b0000 - 0x00007ff96c21f000 	C:\WINDOWS\System32\WS2_32.dll
0x00007ff966f00000 - 0x00007ff966f2d000 	C:\WINDOWS\SYSTEM32\WINMMBASE.dll
0x00007ff96b400000 - 0x00007ff96b44a000 	C:\WINDOWS\System32\cfgmgr32.dll
0x000000005daf0000 - 0x000000005daff000 	C:\Program Files\Java\jdk1.8.0_144\jre\bin\verify.dll
0x000000005dac0000 - 0x000000005dae9000 	C:\Program Files\Java\jdk1.8.0_144\jre\bin\java.dll
0x000000005daa0000 - 0x000000005dab6000 	C:\Program Files\Java\jdk1.8.0_144\jre\bin\zip.dll
0x00007ff96b9e0000 - 0x00007ff96c0c5000 	C:\WINDOWS\System32\SHELL32.dll
0x00007ff96c2f0000 - 0x00007ff96c399000 	C:\WINDOWS\System32\shcore.dll
0x00007ff96a4d0000 - 0x00007ff96ac4e000 	C:\WINDOWS\System32\windows.storage.dll
0x00007ff96a280000 - 0x00007ff96a29f000 	C:\WINDOWS\System32\profapi.dll
0x00007ff96a2a0000 - 0x00007ff96a2ea000 	C:\WINDOWS\System32\powrprof.dll
0x00007ff96a270000 - 0x00007ff96a280000 	C:\WINDOWS\System32\UMPDC.dll
0x00007ff96c5e0000 - 0x00007ff96c632000 	C:\WINDOWS\System32\shlwapi.dll
0x00007ff96a2f0000 - 0x00007ff96a301000 	C:\WINDOWS\System32\kernel.appcore.dll
0x00007ff96acb0000 - 0x00007ff96acc7000 	C:\WINDOWS\System32\cryptsp.dll
0x00007ff9572c0000 - 0x00007ff9573af000 	C:\Program Files\Java\jdk1.8.0_144\jre\bin\msvcr120.dll
0x00007ff956d90000 - 0x00007ff956e36000 	C:\Program Files\Java\jdk1.8.0_144\jre\bin\msvcp120.dll
0x000000005b650000 - 0x000000005b672000 	C:\Program Files\Java\jdk1.8.0_144\jre\bin\prism_d3d.dll
0x00007ff93ca20000 - 0x00007ff93cbe7000 	C:\WINDOWS\system32\d3d9.dll
0x00007ff968a10000 - 0x00007ff968a3d000 	C:\WINDOWS\SYSTEM32\dwmapi.dll
0x00007ff968ee0000 - 0x00007ff968f00000 	C:\WINDOWS\SYSTEM32\dxcore.dll
0x00007ff9685f0000 - 0x00007ff968689000 	C:\WINDOWS\system32\uxtheme.dll
0x00007ff912d20000 - 0x00007ff91525d000 	C:\WINDOWS\SYSTEM32\igdumdim64.dll
0x00007ff96c220000 - 0x00007ff96c2e4000 	C:\WINDOWS\System32\OLEAUT32.dll
0x00007ff96b5e0000 - 0x00007ff96b736000 	C:\WINDOWS\System32\ole32.dll
0x00007ff96c8b0000 - 0x00007ff96cd20000 	C:\WINDOWS\System32\SETUPAPI.dll
0x00007ff96b320000 - 0x00007ff96b346000 	C:\WINDOWS\System32\bcrypt.dll
0x000000005b600000 - 0x000000005b643000 	C:\Program Files\Java\jdk1.8.0_144\jre\bin\glass.dll
0x00007ff96b860000 - 0x00007ff96b930000 	C:\WINDOWS\System32\COMDLG32.dll
0x00007ff96c420000 - 0x00007ff96c556000 	C:\WINDOWS\System32\MSCTF.dll
0x00007ff960c70000 - 0x00007ff9616af000 	C:\WINDOWS\SYSTEM32\igdusc64.dll
0x000000005b5e0000 - 0x000000005b5f4000 	C:\Program Files\Java\jdk1.8.0_144\jre\bin\javafx_font.dll
0x00007ff9597b0000 - 0x00007ff959aae000 	C:\WINDOWS\SYSTEM32\dwrite.dll
0x00007ff969650000 - 0x00007ff969683000 	C:\WINDOWS\system32\rsaenh.dll
0x00007ff96a160000 - 0x00007ff96a185000 	C:\WINDOWS\SYSTEM32\USERENV.dll
0x00007ff969cb0000 - 0x00007ff969cbc000 	C:\WINDOWS\SYSTEM32\CRYPTBASE.dll
0x000000005da80000 - 0x000000005da9a000 	C:\Program Files\Java\jdk1.8.0_144\jre\bin\net.dll
0x00007ff969ae0000 - 0x00007ff969b47000 	C:\WINDOWS\system32\mswsock.dll
0x00007ff9697f0000 - 0x00007ff96982a000 	C:\WINDOWS\SYSTEM32\IPHLPAPI.DLL
0x00007ff96b930000 - 0x00007ff96b938000 	C:\WINDOWS\System32\NSI.dll
0x00007ff95fe90000 - 0x00007ff95fea6000 	C:\WINDOWS\SYSTEM32\dhcpcsvc6.DLL
0x00007ff95ff70000 - 0x00007ff95ff8c000 	C:\WINDOWS\SYSTEM32\dhcpcsvc.DLL
0x00007ff969880000 - 0x00007ff96994a000 	C:\WINDOWS\SYSTEM32\DNSAPI.dll
0x000000005da60000 - 0x000000005da71000 	C:\Program Files\Java\jdk1.8.0_144\jre\bin\nio.dll
0x00007ff96d210000 - 0x00007ff96d2b2000 	C:\WINDOWS\System32\clbcatq.dll
0x00007ff965600000 - 0x00007ff9657af000 	C:\WINDOWS\SYSTEM32\WindowsCodecs.dll
0x00007ff94bde0000 - 0x00007ff94be1a000 	C:\WINDOWS\system32\dataexchange.dll
0x00007ff967cb0000 - 0x00007ff967e8b000 	C:\WINDOWS\system32\dcomp.dll
0x00007ff9675f0000 - 0x00007ff96784b000 	C:\WINDOWS\system32\d3d11.dll
0x00007ff968f70000 - 0x00007ff96905b000 	C:\WINDOWS\system32\dxgi.dll
0x00007ff9686c0000 - 0x00007ff96891a000 	C:\WINDOWS\system32\twinapi.appcore.dll
0x00007ff968a40000 - 0x00007ff968a69000 	C:\WINDOWS\system32\RMCLIENT.dll
0x00007ff956400000 - 0x00007ff956433000 	C:\Program Files\Common Files\Microsoft Shared\Ink\rtscom.dll
0x00007ff95ce00000 - 0x00007ff95ce9e000 	C:\WINDOWS\System32\TextInputFramework.dll
0x00007ff968300000 - 0x00007ff9683d4000 	C:\WINDOWS\System32\CoreMessaging.dll
0x00007ff965e40000 - 0x00007ff96616a000 	C:\WINDOWS\System32\CoreUIComponents.dll
0x00007ff9692d0000 - 0x00007ff969301000 	C:\WINDOWS\SYSTEM32\ntmarta.dll
0x00007ff9664b0000 - 0x00007ff966603000 	C:\WINDOWS\SYSTEM32\wintypes.dll
0x00007ff95c8d0000 - 0x00007ff95cb76000 	C:\WINDOWS\System32\iertutil.dll
0x000000005b5b0000 - 0x000000005b5d3000 	C:\Program Files\Java\jdk1.8.0_144\jre\bin\javafx_iio.dll
0x000000005b590000 - 0x000000005b5a1000 	C:\Program Files\Java\jdk1.8.0_144\jre\bin\prism_common.dll
0x00007ff967030000 - 0x00007ff9675f0000 	C:\WINDOWS\SYSTEM32\d2d1.dll
0x00007ff942990000 - 0x00007ff9430d1000 	C:\WINDOWS\SYSTEM32\D3D10Warp.dll

VM Arguments:
jvm_args: -Dfile.encoding=UTF-8 
java_command: tryproj.Try4_1
java_class_path (initial): E:\iti data\java\project\bluecove-2.1.1.jar;D:\iti data\java\Medusa-8.0.jar;D:\iti data\java\TryProj\build\classes
Launcher Type: SUN_STANDARD

Environment Variables:
PATH=C:\Program Files\Java\jdk1.8.0_144\bin;C:\Program Files (x86)\Common Files\Oracle\Java\javapath;C:\ProgramData\Oracle\Java\javapath;C:\WINDOWS\system32;C:\WINDOWS;C:\WINDOWS\System32\Wbem;C:\WINDOWS\System32\WindowsPowerShell\v1.0\;C:\Program Files (x86)\Windows Live\Shared;C:\Program Files\MATLAB\R2016a\runtime\win64;C:\Program Files\MATLAB\R2016a\bin;C:\Program Files\MATLAB\R2016a\polyspace\bin;C:\Program Files (x86)\Microsoft SQL Server\100\Tools\Binn\;C:\Program Files\Microsoft SQL Server\100\Tools\Binn\;C:\Program Files\Microsoft SQL Server\100\DTS\Binn\;C:\WINDOWS\System32\OpenSSH\;C:\Program Files (x86)\Microsoft SQL Server\100\Tools\Binn\VSShell\Common7\IDE\;C:\Program Files (x86)\Microsoft SQL Server\100\DTS\Binn\;C:\PROGRA~2\PICC;E:\iti data\embedded\General Tools\mingw64\bin;C:\Users\Electronica CARE\AppData\Local\Microsoft\WindowsApps;
USERNAME=Electronica CARE
OS=Windows_NT
PROCESSOR_IDENTIFIER=Intel64 Family 6 Model 69 Stepping 1, GenuineIntel



---------------  S Y S T E M  ---------------

OS: Windows 10.0 , 64 bit Build 18362 (10.0.18362.329)

CPU:total 4 (initial active 4) (2 cores per cpu, 2 threads per core) family 6 model 69 stepping 1, cmov, cx8, fxsr, mmx, sse, sse2, sse3, ssse3, sse4.1, sse4.2, popcnt, avx, avx2, aes, clmul, erms, lzcnt, ht, tsc, tscinvbit, bmi1, bmi2

Memory: 4k page, physical 8282476k(689788k free), swap 33448300k(7720k free)

vm_info: Java HotSpot(TM) 64-Bit Server VM (25.144-b01) for windows-amd64 JRE (1.8.0_144-b01), built on Jul 21 2017 21:57:33 by "java_re" with MS VC++ 10.0 (VS2010)

time: Thu Dec 05 14:38:26 2019
elapsed time: 7 seconds (0d 0h 0m 7s)

